[01:45:13] [main/INFO] (FabricLoader/GameProvider) Loading Minecraft 1.21.11 with Fabric Loader 0.18.2
[01:45:13] [main/INFO] (FabricLoader) Loading 53 mods:
	- architectury 19.0.1
	- fabric-api 0.139.5+1.21.11
	- fabric-api-base 1.0.5+4ebb5c083e
	- fabric-api-lookup-api-v1 1.6.113+1fb1cde93e
	- fabric-biome-api-v1 17.1.1+4fc5413f3e
	- fabric-block-api-v1 1.1.10+4ebb5c083e
	- fabric-block-view-api-v2 1.0.39+4ebb5c083e
	- fabric-client-gametest-api-v1 4.3.5+bfe9fcf43e
	- fabric-command-api-v2 2.4.7+6b42a6003e
	- fabric-content-registries-v0 10.2.14+4fc5413f3e
	- fabric-convention-tags-v1 2.1.55+7f945d5b3e
	- fabric-convention-tags-v2 2.17.3+8ef948ba3e
	- fabric-crash-report-info-v1 0.3.23+4ebb5c083e
	- fabric-data-attachment-api-v1 1.8.43+1fb1cde93e
	- fabric-data-generation-api-v1 23.3.0+ae1056283e
	- fabric-dimensions-v1 4.0.28+4fc5413f3e
	- fabric-entity-events-v1 3.0.5+4ebb5c083e
	- fabric-events-interaction-v0 4.0.44+1fb1cde93e
	- fabric-game-rule-api-v1 2.0.3+4fc5413f3e
	- fabric-gametest-api-v1 3.1.27+4fc5413f3e
	- fabric-item-api-v1 11.5.20+d0c46b9e3e
	- fabric-item-group-api-v1 4.2.36+4fc5413f3e
	- fabric-key-binding-api-v1 1.1.7+4fc5413f3e
	- fabric-language-kotlin 1.12.3+kotlin.2.0.21
	- fabric-lifecycle-events-v1 2.6.15+4ebb5c083e
	- fabric-loot-api-v2 3.0.73+3f89f5a53e
	- fabric-loot-api-v3 2.0.20+78c8b4663e
	- fabric-message-api-v1 6.1.12+4ebb5c083e
	- fabric-networking-api-v1 5.1.5+ae1e07683e
	- fabric-object-builder-api-v1 21.1.38+4fc5413f3e
	- fabric-particles-v1 4.2.11+4fc5413f3e
	- fabric-recipe-api-v1 8.2.3+4ebb5c083e
	- fabric-registry-sync-v0 6.2.4+4ebb5c083e
	- fabric-rendering-fluids-v1 3.1.43+4ebb5c083e
	- fabric-rendering-v1 16.2.6+1fb1cde93e
	- fabric-resource-conditions-api-v1 5.0.35+4fc5413f3e
	- fabric-resource-loader-v0 3.3.4+4fc5413f3e
	- fabric-resource-loader-v1 1.0.10+78c8b4663e
	- fabric-screen-api-v1 3.1.7+4ebb5c083e
	- fabric-screen-handler-api-v1 1.3.160+4fc5413f3e
	- fabric-serialization-api-v1 1.0.5+4ebb5c083e
	- fabric-sound-api-v1 1.0.51+4fc5413f3e
	- fabric-tag-api-v1 1.2.20+4fc5413f3e
	- fabric-transfer-api-v1 6.0.24+4fc5413f3e
	- fabric-transitive-access-wideners-v1 7.0.8+0107c3da3e
	- fabricloader 0.18.2
	- generated_4bd6dca 1.0.0
	- healthindicators 21.11.1
	- java 22
	- minecraft 1.21.11
	- mixinextras 0.5.0
	- modmenu 17.0.0-alpha.1
	- yet_another_config_lib_v3 3.8.1+1.21.11-fabric
[01:45:13] [main/INFO] (FabricLoader/Mixin) SpongePowered MIXIN Subsystem Version=0.8.7 Source=file:/C:/Users/NikeyV1/.gradle/caches/modules-2/files-2.1/net.fabricmc/sponge-mixin/0.16.3+mixin.0.8.7/3e535042688d1265447e52ad86950b7d9678a5fa/sponge-mixin-0.16.3+mixin.0.8.7.jar Service=Knot/Fabric Env=CLIENT
[01:45:13] [main/INFO] (FabricLoader/Mixin) Loaded Fabric development mappings for mixin remapper!
[01:45:14] [main/INFO] (FabricLoader/Mixin) Compatibility level set to JAVA_21
[01:45:14] [main/WARN] (FabricLoader/Mixin) Reference map 'yet_another_config_lib_v3.refmap.json' for yacl.mixins.json could not be read. If this is a development environment you can ignore this message
[01:45:14] [main/WARN] (FabricLoader/Mixin) Reference map 'yet_another_config_lib_v3.refmap.json' for yacl-fabric.mixins.json could not be read. If this is a development environment you can ignore this message
[01:45:14] [main/WARN] (FabricLoader/Mixin) Reference map 'HealthIndicators-common-common-refmap.json' for healthindicators.mixins.json could not be read. If this is a development environment you can ignore this message
[01:45:16] [main/INFO] (FabricLoader/MixinExtras|Service) Initializing MixinExtras via com.llamalad7.mixinextras.service.MixinExtrasServiceImpl(version=0.5.0).
[01:45:18] [Datafixer Bootstrap/INFO] (Minecraft) 287 Datafixer optimizations took 746 milliseconds
[01:45:25] [Render thread/INFO] (Minecraft) Environment: Environment[sessionHost=https://sessionserver.mojang.com, servicesHost=https://api.minecraftservices.com, profilesHost=https://api.mojang.com, name=PROD]
[01:45:25] [Render thread/INFO] (Minecraft) Setting user: Player239
[01:45:25] [Render thread/INFO] (ClientNetworkManagerImpl) Registering S2C receiver with id architectury:spawn_entity_packet
[01:45:25] [Render thread/INFO] (Mod Menu/Update Checker) Checking mod updates...
[01:45:25] [Render thread/INFO] (YetAnotherConfigLib) Deserializing YACLConfig from 'C:\Users\NikeyV1\Documents\Nikey\Saves\Coding\IdeaProjects\HealthIndicators\fabric\run\config\yacl.json5'
[01:45:25] [Render thread/INFO] (YetAnotherConfigLib) Deserializing ModConfig from 'C:\Users\NikeyV1\Documents\Nikey\Saves\Coding\IdeaProjects\HealthIndicators\fabric\run\config\health_indicators_config.json'
[01:45:25] [Render thread/INFO] (Minecraft) [STDERR]: java.io.FileNotFoundException: C:\Users\NikeyV1\Documents\Nikey\Saves\Coding\IdeaProjects\HealthIndicators\fabric\run\config\healthindicators.json (Das System kann die angegebene Datei nicht finden)
[01:45:25] [Render thread/INFO] (Minecraft) [STDERR]: 	at java.base/java.io.FileInputStream.open0(Native Method)
[01:45:25] [Render thread/INFO] (Minecraft) [STDERR]: 	at java.base/java.io.FileInputStream.open(FileInputStream.java:213)
[01:45:25] [Render thread/INFO] (Minecraft) [STDERR]: 	at java.base/java.io.FileInputStream.<init>(FileInputStream.java:152)
[01:45:25] [Render thread/INFO] (Minecraft) [STDERR]: 	at java.base/java.io.FileReader.<init>(FileReader.java:75)
[01:45:25] [Render thread/INFO] (Minecraft) [STDERR]: 	at knot//io.github.adytech99.healthindicators.config.Config.load(Config.java:52)
[01:45:25] [Render thread/INFO] (Minecraft) [STDERR]: 	at knot//io.github.adytech99.healthindicators.HealthIndicatorsCommon.init(HealthIndicatorsCommon.java:31)
[01:45:25] [Render thread/INFO] (Minecraft) [STDERR]: 	at knot//io.github.adytech99.healthindicators.fabric.HealthIndicatorsFabric.onInitializeClient(HealthIndicatorsFabric.java:61)
[01:45:25] [Render thread/INFO] (Minecraft) [STDERR]: 	at net.fabricmc.loader.impl.FabricLoaderImpl.invokeEntrypoints(FabricLoaderImpl.java:405)
[01:45:25] [Render thread/INFO] (Minecraft) [STDERR]: 	at net.fabricmc.loader.impl.game.minecraft.Hooks.startClient(Hooks.java:53)
[01:45:25] [Render thread/INFO] (Minecraft) [STDERR]: 	at knot//net.minecraft.client.MinecraftClient.<init>(MinecraftClient.java:475)
[01:45:25] [Render thread/INFO] (Minecraft) [STDERR]: 	at knot//net.minecraft.client.main.Main.main(Main.java:234)
[01:45:25] [Render thread/INFO] (Minecraft) [STDERR]: 	at net.fabricmc.loader.impl.game.minecraft.MinecraftGameProvider.launch(MinecraftGameProvider.java:514)
[01:45:25] [Render thread/INFO] (Minecraft) [STDERR]: 	at net.fabricmc.loader.impl.launch.knot.Knot.launch(Knot.java:72)
[01:45:25] [Render thread/INFO] (Minecraft) [STDERR]: 	at net.fabricmc.loader.impl.launch.knot.KnotClient.main(KnotClient.java:23)
[01:45:25] [Render thread/INFO] (Minecraft) [STDERR]: 	at net.fabricmc.devlaunchinjector.Main.main(Main.java:86)
[01:45:25] [Render thread/INFO] (Minecraft) [STDERR]: 	at dev.architectury.transformer.TransformerRuntime.main(TransformerRuntime.java:220)
[01:45:25] [Render thread/INFO] (healthindicators) Never be heartless!
[01:45:26] [Render thread/INFO] (Minecraft) Backend library: LWJGL version 3.3.3-snapshot
[01:45:26] [Download-2/ERROR] (Minecraft) Failed to fetch user properties
com.mojang.authlib.exceptions.InvalidCredentialsException: Status: 401
	at knot//com.mojang.authlib.exceptions.MinecraftClientHttpException.toAuthenticationException(MinecraftClientHttpException.java:59)
	at knot//com.mojang.authlib.yggdrasil.YggdrasilUserApiService.fetchProperties(YggdrasilUserApiService.java:150)
	at knot//net.minecraft.client.MinecraftClient.method_55608(MinecraftClient.java:457)
	at java.base/java.util.concurrent.CompletableFuture$AsyncSupply.run(CompletableFuture.java:1768)
	at java.base/java.util.concurrent.ThreadPoolExecutor.runWorker(ThreadPoolExecutor.java:1144)
	at java.base/java.util.concurrent.ThreadPoolExecutor$Worker.run(ThreadPoolExecutor.java:642)
	at java.base/java.lang.Thread.run(Thread.java:1570)
Caused by: com.mojang.authlib.exceptions.MinecraftClientHttpException: Status: 401
	at knot//com.mojang.authlib.minecraft.client.MinecraftClient.readInputStream(MinecraftClient.java:103)
	at knot//com.mojang.authlib.minecraft.client.MinecraftClient.get(MinecraftClient.java:56)
	at knot//com.mojang.authlib.yggdrasil.YggdrasilUserApiService.fetchProperties(YggdrasilUserApiService.java:121)
	... 5 more
[01:45:27] [ModMenu/Update Checker/Fabric Loader/INFO] (Mod Menu/Update Checker) Update available for 'fabricloader@0.18.2'
[01:45:27] [Render thread/INFO] (Minecraft) Using optional rendering extensions: GL_ARB_buffer_storage, GL_KHR_debug, GL_ARB_vertex_attrib_binding, GL_ARB_direct_state_access, GL_EXT_texture_filter_anisotropic
[01:45:28] [Render thread/INFO] (Minecraft) Reloading ResourceManager: vanilla, fabric-api, fabric-api-base, fabric-api-lookup-api-v1, fabric-biome-api-v1, fabric-block-api-v1, fabric-block-view-api-v2, fabric-client-gametest-api-v1, fabric-command-api-v2, fabric-content-registries-v0, fabric-convention-tags-v1, fabric-convention-tags-v2, fabric-crash-report-info-v1, fabric-data-attachment-api-v1, fabric-data-generation-api-v1, fabric-dimensions-v1, fabric-entity-events-v1, fabric-events-interaction-v0, fabric-game-rule-api-v1, fabric-gametest-api-v1, fabric-item-api-v1, fabric-item-group-api-v1, fabric-key-binding-api-v1, fabric-language-kotlin, fabric-lifecycle-events-v1, fabric-loot-api-v2, fabric-loot-api-v3, fabric-message-api-v1, fabric-networking-api-v1, fabric-object-builder-api-v1, fabric-particles-v1, fabric-recipe-api-v1, fabric-registry-sync-v0, fabric-rendering-fluids-v1, fabric-rendering-v1, fabric-resource-conditions-api-v1, fabric-resource-loader-v0, fabric-resource-loader-v1, fabric-screen-api-v1, fabric-screen-handler-api-v1, fabric-serialization-api-v1, fabric-sound-api-v1, fabric-tag-api-v1, fabric-transfer-api-v1, fabric-transitive-access-wideners-v1, fabricloader, generated_4bd6dca, modmenu, yet_another_config_lib_v3
[01:45:28] [Download-2/INFO] (Minecraft) Could not authorize you against Realms server: java.lang.RuntimeException: Failed to parse into SignedJWT: FabricMC
[01:45:28] [Download-2/ERROR] (Minecraft) Failed to fetch Realms feature flags
net.minecraft.client.realms.exception.RealmsServiceException: Realms authentication error with message 'java.lang.RuntimeException: Failed to parse into SignedJWT: FabricMC'
	at knot//net.minecraft.client.realms.RealmsClient.execute(RealmsClient.java:526)
	at knot//net.minecraft.client.realms.RealmsClient.fetchFeatureFlags(RealmsClient.java:186)
	at java.base/java.util.concurrent.CompletableFuture$AsyncSupply.run(CompletableFuture.java:1768)
	at java.base/java.util.concurrent.ThreadPoolExecutor.runWorker(ThreadPoolExecutor.java:1144)
	at java.base/java.util.concurrent.ThreadPoolExecutor$Worker.run(ThreadPoolExecutor.java:642)
	at java.base/java.lang.Thread.run(Thread.java:1570)
[01:45:28] [Worker-Main-5/INFO] (Minecraft) Found unifont_pua-17.0.01.hex, loading
[01:45:28] [Worker-Main-3/INFO] (Minecraft) Found unifont_all_no_pua-17.0.01.hex, loading
[01:45:29] [Worker-Main-2/INFO] (Minecraft) Found unifont_jp_patch-17.0.01.hex, loading
[01:45:30] [Render thread/INFO] (Minecraft) OpenAL initialized on device OpenAL Soft on Kopfhörer (Nikey‘s AirPods Max)
[01:45:30] [Render thread/INFO] (Minecraft) Sound engine started
[01:45:30] [Render thread/INFO] (Minecraft) Created: 512x256x0 minecraft:textures/atlas/particles.png-atlas
[01:45:30] [Render thread/INFO] (Minecraft) Created: 128x128x0 minecraft:textures/atlas/decorated_pot.png-atlas
[01:45:30] [Render thread/INFO] (Minecraft) Created: 2048x1024x0 minecraft:textures/atlas/armor_trims.png-atlas
[01:45:30] [Render thread/INFO] (Minecraft) Created: 512x256x0 minecraft:textures/atlas/paintings.png-atlas
[01:45:30] [Render thread/INFO] (Minecraft) Created: 1024x512x0 minecraft:textures/atlas/shield_patterns.png-atlas
[01:45:30] [Render thread/INFO] (Minecraft) Created: 2048x2048x4 minecraft:textures/atlas/blocks.png-atlas
[01:45:30] [Render thread/INFO] (Minecraft) Created: 512x512x0 minecraft:textures/atlas/chest.png-atlas
[01:45:30] [Render thread/INFO] (Minecraft) Created: 256x128x0 minecraft:textures/atlas/celestials.png-atlas
[01:45:30] [Render thread/INFO] (Minecraft) Created: 1024x512x0 minecraft:textures/atlas/banner_patterns.png-atlas
[01:45:30] [Render thread/INFO] (Minecraft) Created: 512x512x0 minecraft:textures/atlas/beds.png-atlas
[01:45:30] [Render thread/INFO] (Minecraft) Created: 1024x512x0 minecraft:textures/atlas/items.png-atlas
[01:45:30] [Render thread/INFO] (Minecraft) Created: 1024x1024x0 minecraft:textures/atlas/gui.png-atlas
[01:45:30] [Render thread/INFO] (Minecraft) Created: 128x64x0 minecraft:textures/atlas/map_decorations.png-atlas
[01:45:30] [Render thread/INFO] (Minecraft) Created: 512x256x0 minecraft:textures/atlas/signs.png-atlas
[01:45:30] [Render thread/INFO] (Minecraft) Created: 512x512x0 minecraft:textures/atlas/shulker_boxes.png-atlas
[01:45:30] [IO-Worker-1/INFO] (Minecraft) Could not authorize you against Realms server: java.lang.RuntimeException: Failed to parse into SignedJWT: FabricMC
[01:45:30] [IO-Worker-1/ERROR] (Minecraft) Couldn't connect to realms
net.minecraft.client.realms.exception.RealmsServiceException: Realms authentication error with message 'java.lang.RuntimeException: Failed to parse into SignedJWT: FabricMC'
	at knot//net.minecraft.client.realms.RealmsClient.execute(RealmsClient.java:526)
	at knot//net.minecraft.client.realms.RealmsClient.clientCompatible(RealmsClient.java:307)
	at knot//net.minecraft.client.realms.RealmsAvailability.method_52627(RealmsAvailability.java:48)
	at java.base/java.util.concurrent.CompletableFuture$AsyncSupply.run(CompletableFuture.java:1768)
	at java.base/java.util.concurrent.ThreadPoolExecutor.runWorker(ThreadPoolExecutor.java:1144)
	at java.base/java.util.concurrent.ThreadPoolExecutor$Worker.run(ThreadPoolExecutor.java:642)
	at java.base/java.lang.Thread.run(Thread.java:1570)
[01:45:41] [Render thread/INFO] (Minecraft) Loaded 1470 recipes
[01:45:41] [Render thread/INFO] (Minecraft) Loaded 1584 advancements
[01:45:41] [Render thread/INFO] (BiomeModificationImpl) Applied 0 biome modifications to 0 of 65 new biomes in 1.058 ms
[01:45:41] [Server thread/INFO] (Minecraft) Starting integrated minecraft server version 1.21.11
[01:45:41] [Server thread/INFO] (Minecraft) Generating keypair
[01:45:42] [Server thread/INFO] (Minecraft) Loading 0 persistent chunks...
[01:45:42] [Server thread/INFO] (Minecraft) Preparing spawn area: 16%
[01:45:43] [Server thread/INFO] (Minecraft) Loading 49 chunks for player spawn...
[01:45:43] [Server thread/INFO] (Minecraft) Preparing spawn area: 16%
[01:45:43] [Server thread/INFO] (Minecraft) Preparing spawn area: 16%
[01:45:43] [Server thread/INFO] (Minecraft) Time elapsed: 1405 ms
[01:45:43] [Server thread/INFO] (Minecraft) Player239[local:E:f791fb5e] logged in with entity id 76 at (10.120213729590063, 73.0, -0.7916186101228964)
[01:45:44] [Server thread/INFO] (Minecraft) Player239 joined the game
[01:45:44] [Server thread/INFO] (Minecraft) Changing view distance to 16, from 10
[01:45:44] [Server thread/INFO] (Minecraft) Changing simulation distance to 12, from 0
[01:45:44] [Render thread/INFO] (Minecraft) Loaded 2 advancements
[01:45:44] [Render thread/INFO] (Minecraft) Resizing Dynamic Transforms UBO, capacity limit of 2 reached during a single frame. New capacity will be 4.
[01:45:44] [Render thread/INFO] (Minecraft) Resizing Dynamic Transforms UBO, capacity limit of 4 reached during a single frame. New capacity will be 8.
[01:45:44] [Render thread/INFO] (Minecraft) Resizing Chunk Sections UBO, capacity limit of 2 reached during a single frame. New capacity will be 4.
[01:45:44] [Render thread/INFO] (Minecraft) Resizing Chunk Sections UBO, capacity limit of 4 reached during a single frame. New capacity will be 8.
[01:45:44] [Render thread/INFO] (Minecraft) Resizing Chunk Sections UBO, capacity limit of 8 reached during a single frame. New capacity will be 16.
[01:45:44] [Render thread/INFO] (Minecraft) Resizing Chunk Sections UBO, capacity limit of 16 reached during a single frame. New capacity will be 32.
[01:45:44] [Render thread/INFO] (Minecraft) Resizing Chunk Sections UBO, capacity limit of 32 reached during a single frame. New capacity will be 64.
[01:45:45] [Render thread/INFO] (Minecraft) Resizing Chunk Sections UBO, capacity limit of 64 reached during a single frame. New capacity will be 128.
[01:45:45] [Render thread/INFO] (Minecraft) Resizing Chunk Sections UBO, capacity limit of 128 reached during a single frame. New capacity will be 256.
[01:45:46] [Render thread/INFO] (Minecraft) Resizing Chunk Sections UBO, capacity limit of 256 reached during a single frame. New capacity will be 512.
[01:45:47] [Render thread/WARN] (YetAnotherConfigLib) Adding list option as an option is not supported! Rerouting to group!
[01:45:47] [Render thread/INFO] (YetAnotherConfigLib) Generating YACL screen
[01:45:47] [Server thread/INFO] (Minecraft) Saving and pausing game...
[01:45:48] [Server thread/INFO] (Minecraft) Saving chunks for level 'ServerLevel[New World]'/minecraft:overworld
[01:45:48] [Render thread/INFO] (Minecraft) Resizing Chunk Sections UBO, capacity limit of 512 reached during a single frame. New capacity will be 1024.
[01:45:48] [Server thread/INFO] (Minecraft) Saving chunks for level 'ServerLevel[New World]'/minecraft:the_nether
[01:45:48] [Server thread/INFO] (Minecraft) Saving chunks for level 'ServerLevel[New World]'/minecraft:the_end
[01:45:49] [Render thread/INFO] (YetAnotherConfigLib) Serializing class io.github.adytech99.healthindicators.config.ModConfig to 'C:\Users\NikeyV1\Documents\Nikey\Saves\Coding\IdeaProjects\HealthIndicators\fabric\run\config\health_indicators_config.json'
[01:45:51] [Render thread/WARN] (YetAnotherConfigLib) Adding list option as an option is not supported! Rerouting to group!
[01:45:51] [Render thread/INFO] (YetAnotherConfigLib) Generating YACL screen
[01:45:51] [Server thread/INFO] (Minecraft) Saving and pausing game...
[01:45:51] [Server thread/INFO] (Minecraft) Saving chunks for level 'ServerLevel[New World]'/minecraft:overworld
[01:45:51] [Server thread/INFO] (Minecraft) Saving chunks for level 'ServerLevel[New World]'/minecraft:the_nether
[01:45:51] [Server thread/INFO] (Minecraft) Saving chunks for level 'ServerLevel[New World]'/minecraft:the_end
[01:46:00] [Render thread/WARN] (YetAnotherConfigLib) Adding list option as an option is not supported! Rerouting to group!
[01:46:00] [Render thread/INFO] (YetAnotherConfigLib) Generating YACL screen
[01:46:00] [Server thread/INFO] (Minecraft) Saving and pausing game...
[01:46:00] [Server thread/INFO] (Minecraft) Saving chunks for level 'ServerLevel[New World]'/minecraft:overworld
[01:46:00] [Server thread/INFO] (Minecraft) Saving chunks for level 'ServerLevel[New World]'/minecraft:the_nether
[01:46:00] [Server thread/INFO] (Minecraft) Saving chunks for level 'ServerLevel[New World]'/minecraft:the_end
[01:46:04] [Render thread/INFO] (Minecraft) Resizing Dynamic Transforms UBO, capacity limit of 8 reached during a single frame. New capacity will be 16.
[01:46:09] [Render thread/INFO] (YetAnotherConfigLib) Serializing class io.github.adytech99.healthindicators.config.ModConfig to 'C:\Users\NikeyV1\Documents\Nikey\Saves\Coding\IdeaProjects\HealthIndicators\fabric\run\config\health_indicators_config.json'
